<?xml version="1.0" encoding="UTF-8"?>
<!-- Generated by org.testng.reporters.JUnitReportReporter -->
<testsuite skipped="0" hostname="LTGB000126" name="com.Test.Arunkumar.TestNGRunner.RegressionTestngRunner" tests="2" failures="0" timestamp="2021-06-20T19:16:54 BST" time="68.605" errors="0">
  <testcase name="runScenario" time="27.385" classname="com.Test.Arunkumar.TestNGRunner.RegressionTestngRunner"/>
  <system-out/>
  <testcase name="runScenario" time="41.220" classname="com.Test.Arunkumar.TestNGRunner.RegressionTestngRunner"/>
  <system-out/>
</testsuite> <!-- com.Test.Arunkumar.TestNGRunner.RegressionTestngRunner -->
