<?xml version="1.0" encoding="UTF-8"?>
<!-- Generated by org.testng.reporters.JUnitReportReporter -->
<testsuite hostname="LAPTOP-6U57ATUB" failures="0" tests="2" name="com.Test.Arunkumar.TestNGRunner.RegressionTestngRunner" time="51.279" errors="0" timestamp="2021-06-20T23:21:34 BST" skipped="0">
  <testcase classname="com.Test.Arunkumar.TestNGRunner.RegressionTestngRunner" name="runScenario" time="31.929"/>
  <system-out/>
  <testcase classname="com.Test.Arunkumar.TestNGRunner.RegressionTestngRunner" name="runScenario" time="19.350"/>
  <system-out/>
</testsuite> <!-- com.Test.Arunkumar.TestNGRunner.RegressionTestngRunner -->
